Lumus/proguard-project.txt
# To enable ProGuard in your project, edit project.properties
# to define the proguard.config property as described in that file.
#
# Add project specific ProGuard rules here.
# By default, the flags in this file are appended to flags specified
# in ${sdk.dir}/tools/proguard/proguard-android.txt
# You can edit the include path and order by changing the ProGuard
# include property in project.properties.
#
# For more details, see
#   http://developer.android.com/guide/developing/tools/proguard.html

# Add any project specific keep options here:

# If your project uses WebView with JS, uncomment the following
# and specify the fully qualified class name to the JavaScript interface
# class:
#-keepclassmembers class fqcn.of.javascript.interface.for.webview {
#   public *;
#}

-keepclassmembers public class com.adp.lumus.saveGame.* {
    *;
}
-keepnames public class com.adp.lumus.saveGame.*

-keep class com.google.ads.** # Don't proguard AdMob classes
-dontwarn com.google.ads.** # Temporary workaround for v6.2.1. It gives a warning that you can ignore

-printmapping mapping.txt