Lumus/proguard/seeds.txt
com.adp.lumus.R$attr: int buttonBarButtonStyle
com.adp.lumus.R$attr: int buttonBarStyle
com.adp.lumus.R$color: int black_overlay
com.adp.lumus.R$drawable: int ic_launcher
com.adp.lumus.R$id: int fullscreen_content
com.adp.lumus.R$id: int fullscreen_content_controls
com.adp.lumus.R$layout: int main
com.adp.lumus.R$string: int afterWebsite
com.adp.lumus.R$string: int app_name
com.adp.lumus.R$string: int complete1
com.adp.lumus.R$string: int complete2
com.adp.lumus.R$string: int dummy_button
com.adp.lumus.R$string: int dummy_content
com.adp.lumus.R$string: int easy
com.adp.lumus.R$string: int feedback
com.adp.lumus.R$string: int free
com.adp.lumus.R$string: int gameBy
com.adp.lumus.R$string: int hard
com.adp.lumus.R$string: int howtoplay
com.adp.lumus.R$string: int howtoplay1
com.adp.lumus.R$string: int howtoplay2
com.adp.lumus.R$string: int howtoplay3
com.adp.lumus.R$string: int howtoplay4
com.adp.lumus.R$string: int howtoplay5
com.adp.lumus.R$string: int howtoplay6
com.adp.lumus.R$string: int inicializacoes
com.adp.lumus.R$string: int lampadasColocadas
com.adp.lumus.R$string: int lampadasRemovidas
com.adp.lumus.R$string: int level
com.adp.lumus.R$string: int levelComplete
com.adp.lumus.R$string: int levelpacks
com.adp.lumus.R$string: int loading
com.adp.lumus.R$string: int marcasColocadas
com.adp.lumus.R$string: int menu
com.adp.lumus.R$string: int nextLevel
com.adp.lumus.R$string: int niveisCompletos
com.adp.lumus.R$string: int no
com.adp.lumus.R$string: int normal
com.adp.lumus.R$string: int options
com.adp.lumus.R$string: int outofmoves
com.adp.lumus.R$string: int pack
com.adp.lumus.R$string: int pacotesCompletos
com.adp.lumus.R$string: int paid
com.adp.lumus.R$string: int play
com.adp.lumus.R$string: int playAgain
com.adp.lumus.R$string: int rate
com.adp.lumus.R$style: int AppBaseTheme
com.adp.lumus.R$style: int AppTheme
com.adp.lumus.R$style: int ButtonBar
com.adp.lumus.R$style: int ButtonBarButton
com.adp.lumus.R$style: int FullscreenActionBarStyle
com.adp.lumus.R$style: int FullscreenTheme
com.adp.lumus.R$style: int Theme_NoBackground
com.adp.lumus.R$styleable: int[] ButtonBarContainerTheme
com.adp.lumus.R$styleable: int ButtonBarContainerTheme_buttonBarButtonStyle
com.adp.lumus.R$styleable: int ButtonBarContainerTheme_buttonBarStyle
com.adp.lumus.activity.GameActivity
com.adp.lumus.activity.GameActivity: GameActivity()
com.adp.lumus.general.SceneManager$SceneType: com.adp.lumus.general.SceneManager$SceneType[] values()
com.adp.lumus.general.SceneManager$SceneType: com.adp.lumus.general.SceneManager$SceneType valueOf(java.lang.String)
...
com.google.ads.f
com.google.ads.g
com.google.ads.g$a
com.google.ads.g$a: com.google.ads.g$a[] values()
com.google.ads.g$a: com.google.ads.g$a valueOf(java.lang.String)
com.google.ads.h
com.google.ads.h$1
com.google.ads.h$2
com.google.ads.i
com.google.ads.i$a
com.google.ads.internal.ActivationOverlay
com.google.ads.internal.ActivationOverlay: void setOverlayEnabled(boolean)
com.google.ads.internal.ActivationOverlay: void setOverlayActivated(boolean)
com.google.ads.internal.ActivationOverlay: void setYPosition(int)
com.google.ads.internal.ActivationOverlay: void setXPosition(int)
com.google.ads.internal.ActivationOverlay$1
com.google.ads.internal.AdVideoView
com.google.ads.internal.AdVideoView: void setMediaControllerEnabled(boolean)
com.google.ads.internal.AdVideoView: void setSrc(java.lang.String)
com.google.ads.internal.AdVideoView$a
com.google.ads.internal.AdWebView
com.google.ads.internal.AdWebView: void setAdActivity(com.google.ads.AdActivity)
com.google.ads.internal.AdWebView: void setAdSize(com.google.ads.AdSize)
com.google.ads.internal.AdWebView: void setCustomClose(boolean)
com.google.ads.internal.AdWebView: void setIsExpandedMraid(boolean)
com.google.ads.internal.AdWebView$1
com.google.ads.internal.AdWebView$2
com.google.ads.internal.a
com.google.ads.internal.a$1
com.google.ads.internal.a$2
com.google.ads.internal.a$3
com.google.ads.internal.a$4
com.google.ads.internal.b
com.google.ads.internal.c
com.google.ads.internal.c$1
com.google.ads.internal.c$2
com.google.ads.internal.c$3
com.google.ads.internal.c$a
com.google.ads.internal.c$b
com.google.ads.internal.c$c
com.google.ads.internal.c$d
com.google.ads.internal.c$d: com.google.ads.internal.c$d[] values()
com.google.ads.internal.c$d: com.google.ads.internal.c$d valueOf(java.lang.String)
com.google.ads.internal.c$e
com.google.ads.internal.d
com.google.ads.internal.e
com.google.ads.internal.f
com.google.ads.internal.f$1
com.google.ads.internal.f$a
com.google.ads.internal.g
com.google.ads.internal.h
com.google.ads.internal.i
com.google.ads.internal.j
com.google.ads.internal.j$a
com.google.ads.internal.k
com.google.ads.internal.k$a
com.google.ads.internal.k$a$1
com.google.ads.internal.k$a$2
com.google.ads.internal.k$a$3
com.google.ads.j
com.google.ads.k
com.google.ads.l
com.google.ads.m
com.google.ads.m$a
com.google.ads.mediation.EmptyNetworkExtras
com.google.ads.mediation.MediationAdRequest
com.google.ads.mediation.MediationAdapter
com.google.ads.mediation.MediationBannerAdapter
com.google.ads.mediation.MediationBannerListener
com.google.ads.mediation.MediationInterstitialAdapter
com.google.ads.mediation.MediationInterstitialListener
com.google.ads.mediation.MediationServerParameters
com.google.ads.mediation.MediationServerParameters$MappingException
com.google.ads.mediation.MediationServerParameters$Parameter
com.google.ads.mediation.NetworkExtras
com.google.ads.mediation.admob.AdMobAdapter
com.google.ads.mediation.admob.AdMobAdapter$1
com.google.ads.mediation.admob.AdMobAdapter$a
com.google.ads.mediation.admob.AdMobAdapter$b
com.google.ads.mediation.admob.AdMobAdapterExtras
com.google.ads.mediation.admob.AdMobAdapterServerParameters
com.google.ads.mediation.customevent.CustomEvent
com.google.ads.mediation.customevent.CustomEventAdapter
com.google.ads.mediation.customevent.CustomEventAdapter$a
com.google.ads.mediation.customevent.CustomEventAdapter$b
com.google.ads.mediation.customevent.CustomEventBanner
com.google.ads.mediation.customevent.CustomEventBannerListener
com.google.ads.mediation.customevent.CustomEventExtras
com.google.ads.mediation.customevent.CustomEventInterstitial
com.google.ads.mediation.customevent.CustomEventInterstitialListener
com.google.ads.mediation.customevent.CustomEventListener
com.google.ads.mediation.customevent.CustomEventServerParameters
com.google.ads.n
com.google.ads.o
com.google.ads.p
com.google.ads.q
com.google.ads.r
com.google.ads.s
com.google.ads.searchads.SearchAdRequest