Lumus/proguard/mapping.txt
com.adp.lumus.activity.GameActivity -> com.adp.lumus.activity.GameActivity:
    org.andengine.engine.camera.Camera camera -> d
    com.adp.lumus.general.ResourcesManager rm -> e
    com.example.android.util.IabHelper mHelper -> a
    void onSetContentView() -> a
    org.andengine.engine.Engine onCreateEngine(org.andengine.engine.options.EngineOptions) -> a
    org.andengine.engine.options.EngineOptions onCreateEngineOptions() -> b
    void onCreateResources(org.andengine.ui.IGameInterface$OnCreateResourcesCallback) -> a
    void onCreateScene(org.andengine.ui.IGameInterface$OnCreateSceneCallback) -> a
    void onPopulateScene(org.andengine.entity.scene.Scene,org.andengine.ui.IGameInterface$OnPopulateSceneCallback) -> a
    boolean onKeyDown(int,android.view.KeyEvent) -> onKeyDown
    void onDestroy() -> onDestroy
    void onPause() -> onPause
    void onResume() -> onResume
    void setIabHelper(com.example.android.util.IabHelper) -> a
    void onActivityResult(int,int,android.content.Intent) -> onActivityResult
    java.lang.String fazString() -> r
    org.andengine.engine.Engine access$0(com.adp.lumus.activity.GameActivity) -> a
com.adp.lumus.activity.GameActivity$1 -> com.adp.lumus.activity.a:
    com.adp.lumus.activity.GameActivity this$0 -> a
    void onTimePassed(org.andengine.engine.handler.timer.TimerHandler) -> a
com.adp.lumus.game.GameLogic -> com.adp.lumus.a.a:
    int[][] backup -> a
    int[][] matriz -> b
    boolean[][] modf -> c
    com.adp.lumus.saveGame.Nivel nivel -> d
    int[][] getMatriz() -> a
    int getTile(int,int) -> a
    boolean isResolvido() -> b
    void addJogada(com.adp.lumus.saveGame.Jogada) -> a
    void setTile(int,int,int) -> a
    boolean fazUndo() -> c
    void modfNumero(int,int) -> i
    void updateMatriz() -> d
    void acendeTiles(int,int) -> b
    void testaLamp(int,int) -> c
    boolean testeColocarLamp(int,int) -> j
    boolean testaNumCompleto(int,int) -> d
    int resolvido() -> e
    boolean validaBoard() -> j
    boolean validaLamp(int,int) -> e
    boolean validaBlock(int,int) -> f
    boolean validaMarca(int,int) -> g
    void guardaEstadoActual() -> k
    void restaurarEstado() -> f
    void copySolucao() -> g
    void reset() -> h
    void setModfAs(boolean) -> a
    void resetModf() -> i
    boolean isUpdate(int,int) -> h
com.adp.lumus.game.GameScene -> com.adp.lumus.a.b:
    int BEGINTABLEY -> S
    int NEXTLEVEL -> T
    int RESET -> U
    int MENU -> V
    int TEMPOMARCA -> W
    com.adp.lumus.general.BaseScene thisScene -> X
    org.andengine.engine.camera.hud.HUD gameHUD -> Y
    com.adp.lumus.game.GameLogic game -> Z
    org.andengine.entity.text.Text nivelText -> aa
    org.andengine.entity.text.Text nextLevelText -> ab
    org.andengine.entity.text.Text resetText -> ac
    org.andengine.entity.text.Text menuText -> ad
    org.andengine.entity.text.Text levelCompleteText -> ae
    org.andengine.entity.sprite.ButtonSprite[][] sprites -> af
    org.andengine.entity.primitive.Rectangle backg -> ag
    org.andengine.entity.sprite.Sprite contentor -> ah
    org.andengine.entity.sprite.Sprite table -> ai
    org.andengine.entity.scene.menu.item.IMenuItem btNext -> aj
    org.andengine.entity.scene.menu.item.IMenuItem btReset -> ak
    org.andengine.entity.scene.menu.item.IMenuItem btMenu -> al
    org.andengine.entity.scene.menu.MenuScene menuChildScene -> am
    long timeofclick -> an
    int ultClickX -> ao
    int ultClickY -> ap
    boolean clickable -> aq
    boolean solution -> ar
    java.util.ArrayList spritesAEliminar -> as
    int completos -> at
    void createScene() -> a
    void onBackKeyPressed() -> b
    com.adp.lumus.general.SceneManager$SceneType getSceneType() -> c
    void disposeScene() -> d
    void createBackground() -> f
    void createHUD() -> Y
com.adp.lumus.game.GameScene$1 -> com.adp.lumus.a.c:
    com.adp.lumus.game.GameScene this$0 -> a
    void run() -> run
...
com.google.ads.AdRequest$ErrorCode -> com.google.ads.AdRequest$ErrorCode:
    com.google.ads.AdRequest$ErrorCode INVALID_REQUEST -> a
    com.google.ads.AdRequest$ErrorCode NO_FILL -> b
    com.google.ads.AdRequest$ErrorCode NETWORK_ERROR -> c
    com.google.ads.AdRequest$ErrorCode INTERNAL_ERROR -> d
    java.lang.String a -> e
    com.google.ads.AdRequest$ErrorCode[] b -> f
    com.google.ads.AdRequest$ErrorCode[] values() -> values
    com.google.ads.AdRequest$ErrorCode valueOf(java.lang.String) -> valueOf
    java.lang.String toString() -> toString
com.google.ads.AdRequest$Gender -> com.google.ads.AdRequest$Gender:
    com.google.ads.AdRequest$Gender UNKNOWN -> a
    com.google.ads.AdRequest$Gender MALE -> b
    com.google.ads.AdRequest$Gender FEMALE -> c
    com.google.ads.AdRequest$Gender[] a -> d
    com.google.ads.AdRequest$Gender[] values() -> values
    com.google.ads.AdRequest$Gender valueOf(java.lang.String) -> valueOf
com.google.ads.AdSize -> com.google.ads.AdSize:
    com.google.ads.AdSize SMART_BANNER -> a
    com.google.ads.AdSize BANNER -> b
    com.google.ads.AdSize IAB_MRECT -> c
    com.google.ads.AdSize IAB_BANNER -> d
    com.google.ads.AdSize IAB_LEADERBOARD -> e
    com.google.ads.AdSize IAB_WIDE_SKYSCRAPER -> f
    int a -> g
    int b -> h
    boolean c -> i
    boolean d -> j
    boolean e -> k
    java.lang.String f -> l
    com.google.ads.AdSize createAdSize(com.google.ads.AdSize,android.content.Context) -> a
    boolean equals(java.lang.Object) -> equals
    int hashCode() -> hashCode
    int getWidth() -> a
    int getHeight() -> b
    boolean a() -> f
    boolean isFullWidth() -> c
    boolean isAutoHeight() -> d
    boolean isCustomAdSize() -> e
    java.lang.String toString() -> toString
    boolean isSizeAppropriate(int,int) -> a
    com.google.ads.AdSize findBestSize(com.google.ads.AdSize[]) -> a
    int a(android.content.Context) -> a
    int b(android.content.Context) -> b
com.google.ads.AdView -> com.google.ads.AdView:
    com.google.ads.internal.d a -> a
    com.google.ads.internal.a b -> b
    void a(android.content.Context,java.lang.String,int,com.google.ads.AdSize,android.util.AttributeSet) -> a
    boolean a(android.content.Context,com.google.ads.AdSize,android.util.AttributeSet) -> a
    boolean b(android.content.Context,com.google.ads.AdSize,android.util.AttributeSet) -> b
    void destroy() -> a
    void a(android.content.Context,java.lang.String,com.google.ads.AdSize,android.util.AttributeSet) -> a
    void a(android.app.Activity,com.google.ads.AdSize,java.lang.String) -> a
    boolean isRefreshing() -> b
    void loadAd(com.google.ads.AdRequest) -> a
    void setAdListener(com.google.ads.AdListener) -> setAdListener
    void setAppEventListener(com.google.ads.AppEventListener) -> setAppEventListener
    void setSwipeableEventListener(com.google.ads.SwipeableAdListener) -> setSwipeableEventListener
    void setSupportedAdSizes(com.google.ads.AdSize[]) -> setSupportedAdSizes
    void a(com.google.ads.AdSize[]) -> a
    void onMeasure(int,int) -> onMeasure
    void stopLoading() -> c
    void onWindowVisibilityChanged(int) -> onWindowVisibilityChanged
com.google.ads.AppEventListener -> com.google.ads.AppEventListener:
    void onAppEvent(com.google.ads.Ad,java.lang.String,java.lang.String) -> a
com.google.ads.InterstitialAd -> com.google.ads.InterstitialAd:
    com.google.ads.internal.d a -> a
    void loadAd(com.google.ads.AdRequest) -> a
    void show() -> a
    void setAdListener(com.google.ads.AdListener) -> a
    void stopLoading() -> b
com.google.ads.SwipeableAdListener -> com.google.ads.SwipeableAdListener:
    void onAdActivated(com.google.ads.Ad) -> a
    void onAdDeactivated(com.google.ads.Ad) -> b