Lumus/proguard/usage.txt
com.adp.lumus.BuildConfig
com.adp.lumus.R
com.adp.lumus.R$attr
com.adp.lumus.R$color
com.adp.lumus.R$drawable
com.adp.lumus.R$id
com.adp.lumus.R$layout
com.adp.lumus.R$string
com.adp.lumus.R$style
com.adp.lumus.R$styleable
com.adp.lumus.game.GameLogic:
    public static final int HEIGHT
    public static final int WIDTH
    public static final int PAREDE
    public static final int BLOQUEADOR
    public static final int LIVRE
    public static final int LAMP
    public static final int MARCA
    public static final int ILUMINADA
    public static final int LAMPERRADA
    30:36:public GameLogic(com.adp.lumus.general.ResourcesManager)
    49:52:public void setNivel(com.adp.lumus.saveGame.Nivel)
com.adp.lumus.game.GameScene:
    private static final int XMULTIPLIER
    private static final int YMULTIPLIER
    private static final int BEGINTABLEX
com.adp.lumus.general.CompraPacote:
    static final java.lang.String TAG
    static final java.lang.String SKU_PACK1
    static final java.lang.String SKU_PACK2
    static final java.lang.String SKU_PACK3
    static final int RC_REQUEST
com.adp.lumus.general.CompraPacote$3:
    240:254:public void onConsumeFinished(com.example.android.util.Purchase,com.example.android.util.IabResult)
com.adp.lumus.general.SceneManager:
    private static synthetic int[] $SWITCH_TABLE$com$adp$lumus$general$SceneManager$SceneType
    73:104:public void setScene(com.adp.lumus.general.SceneManager$SceneType)
    255:255:public com.adp.lumus.general.SceneManager$SceneType getCurrentSceneType()
    20:20:static synthetic int[] $SWITCH_TABLE$com$adp$lumus$general$SceneManager$SceneType()
com.adp.lumus.menu.HowToPlayScene:
    public int opcaoSeleccionada
com.adp.lumus.menu.MenuPacotesScene:
    public static final int PACOTES
    public static final int FREE_1
    public static final int FREE_2
    public static final int FREE_3
    public static final int FREE_4
    public static final int FREE_5
    public static final int UNLOCKABLE_1
    public static final int UNLOCKABLE_2
    public static final int PAID_1
    public static final int PAID_2
    public static final int PAID_3
com.adp.lumus.menu.OptionsMenuScrollingScene:
    public static final int RESET
    public static final int RATE
    public static final int FEEDBACK
    public static final int SOUND
    public int opcaoSeleccionada
com.adp.lumus.menu.StatsScene:
    public int opcaoSeleccionada
com.adp.lumus.tiles.Tile:
    protected static final int SIZE
    27:38:public Tile(java.lang.String,java.lang.String,com.adp.lumus.general.ResourcesManager,org.andengine.entity.sprite.ButtonSprite$OnClickListener)
    41:47:public Tile(int,int,java.lang.String,java.lang.String,com.adp.lumus.general.ResourcesManager,org.andengine.entity.sprite.ButtonSprite$OnClickListener)
...
org.andengine.entity.util.ScreenCapture$IScreenCaptureCallback
org.andengine.entity.util.ScreenGrabber
org.andengine.entity.util.ScreenGrabber$IScreenGrabberCallback
org.andengine.entity.util.TextureMemoryLogger
org.andengine.input.sensor.BaseSensorData:
    29:31:public BaseSensorData(int)
    38:38:public float[] getValues()
    46:46:public int getAccuracy()
    54:54:public int getDisplayRotation()
org.andengine.input.sensor.SensorDelay:
    46:46:public int getDelay()
org.andengine.input.sensor.acceleration.AccelerationData:
    75:76:public AccelerationData()
    83:83:public float getX()
    87:87:public float getY()
    91:91:public float getZ()
    95:96:public void setX(float)
    99:100:public void setY(float)
    103:104:public void setZ(float)
org.andengine.input.sensor.acceleration.AccelerationSensorOptions
org.andengine.input.sensor.location.LocationSensorOptions:
    private static final long MINIMUMTRIGGERTIME_DEFAULT
    private static final long MINIMUMTRIGGERDISTANCE_DEFAULT
    53:64:public LocationSensorOptions(int,boolean,boolean,boolean,int,boolean,boolean,long,long)
    71:72:public void setEnabledOnly(boolean)
    75:75:public boolean isEnabledOnly()
    79:79:public long getMinimumTriggerTime()
    83:84:public void setMinimumTriggerTime(long)
    87:87:public long getMinimumTriggerDistance()
    91:92:public void setMinimumTriggerDistance(long)
org.andengine.input.sensor.orientation.OrientationData:
    38:39:public OrientationData()
    46:46:public float getRoll()
    50:50:public float getPitch()
    54:54:public float getYaw()
    109:109:public int getAccelerationAccuracy()
    117:117:public int getMagneticFieldAccuracy()
org.andengine.input.sensor.orientation.OrientationSensorOptions
org.andengine.input.touch.TouchEvent:
    public static final int INVALID_POINTER_ID
    public static final int ACTION_CANCEL
    public static final int ACTION_DOWN
    public static final int ACTION_MOVE
    public static final int ACTION_OUTSIDE
    public static final int ACTION_UP
    65:66:public static void recycle(org.andengine.input.touch.TouchEvent)
    81:82:public void setX(float)
    85:86:public void setY(float)
    123:123:public boolean isActionOutside()
org.andengine.input.touch.controller.MultiTouch
org.andengine.input.touch.detector.BaseDetector:
    34:34:public boolean isEnabled()
    38:39:public void setEnabled(boolean)
    public abstract void reset()
org.andengine.input.touch.detector.ClickDetector
org.andengine.input.touch.detector.ClickDetector$IClickDetectorListener
org.andengine.input.touch.detector.ContinuousHoldDetector
org.andengine.input.touch.detector.ContinuousHoldDetector$1
org.andengine.input.touch.detector.HoldDetector
org.andengine.input.touch.detector.HoldDetector$IHoldDetectorListener
org.andengine.input.touch.detector.PinchZoomDetector
org.andengine.input.touch.detector.PinchZoomDetector$IPinchZoomDetectorListener
org.andengine.input.touch.detector.ScrollDetector:
    private static final float TRIGGER_SCROLL_MINIMUM_DISTANCE_DEFAULT
    38:39:public ScrollDetector(org.andengine.input.touch.detector.ScrollDetector$IScrollDetectorListener)
    51:51:public float getTriggerScrollMinimumDistance()
    55:56:public void setTriggerScrollMinimumDistance(float)
    64:72:public void reset()
org.andengine.input.touch.detector.SurfaceGestureDetector
org.andengine.input.touch.detector.SurfaceGestureDetector$InnerOnGestureDetectorListener
org.andengine.input.touch.detector.SurfaceGestureDetectorAdapter
org.andengine.input.touch.detector.SurfaceScrollDetector:
    30:31:public SurfaceScrollDetector(org.andengine.input.touch.detector.ScrollDetector$IScrollDetectorListener)
org.andengine.opengl.GLES20Fix:
    56:58:private GLES20Fix()
    public static native void glDrawElements(int,int,int,int)
    76:81:public static void glVertexAttribPointerFix(int,int,int,boolean,int,int)
    84:89:public static void glDrawElementsFix(int,int,int,int)
org.andengine.opengl.exception.GLException